<?xml version="1.0" encoding="UTF-8"?>
<testsuite xmlns:xsi="http://www.w3.org/2001/XMLSchema-instance" xsi:noNamespaceSchemaLocation="https://maven.apache.org/surefire/maven-surefire-plugin/xsd/surefire-test-report-3.0.xsd" version="3.0" name="ParamsAnimalTest" time="0.024" tests="6" errors="0" skipped="0" failures="0">
  <properties>
[...]
</properties>
  <testcase name="getFoodForHerbivoreCorrectValue[0]" classname="ParamsAnimalTest" time="0.007"/>
  <testcase name="getFoodException[0]" classname="ParamsAnimalTest" time="0.001"/>
  <testcase name="getFamilyCorrectValue[0]" classname="ParamsAnimalTest" time="0.0"/>
  <testcase name="getFoodForHerbivoreCorrectValue[1]" classname="ParamsAnimalTest" time="0.0"/>
  <testcase name="getFoodException[1]" classname="ParamsAnimalTest" time="0.0"/>
  <testcase name="getFamilyCorrectValue[1]" classname="ParamsAnimalTest" time="0.0"/>
</testsuite>